This file contains any messages produced by compilers while
running configure, to aid debugging if configure makes a mistake.

It was created by ipt_geofence configure 1.0, which was
generated by GNU Autoconf 2.69.  Invocation command line was

  $ ./configure 

## --------- ##
## Platform. ##
## --------- ##

hostname = xab-HP-250-G7-Notebook-PC
uname -m = x86_64
uname -r = 5.13.0-30-generic
uname -s = Linux
uname -v = #33~20.04.1-Ubuntu SMP Mon Feb 7 14:25:10 UTC 2022

/usr/bin/uname -p = x86_64
/bin/uname -X     = unknown

/bin/arch              = x86_64
/usr/bin/arch -k       = unknown
/usr/convex/getsysinfo = unknown
/usr/bin/hostinfo      = unknown
/bin/machine           = unknown
/usr/bin/oslevel       = unknown
/bin/universe          = unknown

PATH: /usr/local/sbin
PATH: /usr/local/bin
PATH: /usr/sbin
PATH: /usr/bin
PATH: /sbin
PATH: /bin
PATH: /usr/games
PATH: /usr/local/games
PATH: /snap/bin


## ----------- ##
## Core tests. ##
## ----------- ##

configure:2167: checking for gcc
configure:2183: found /usr/bin/gcc
configure:2194: result: gcc
configure:2423: checking for C compiler version
configure:2432: gcc --version >&5
gcc (Ubuntu 9.3.0-17ubuntu1~20.04) 9.3.0
Copyright (C) 2019 Free Software Foundation, Inc.
This is free software; see the source for copying conditions.  There is NO
warranty; not even for MERCHANTABILITY or FITNESS FOR A PARTICULAR PURPOSE.

configure:2443: $? = 0
configure:2432: gcc -v >&5
Using built-in specs.
COLLECT_GCC=gcc
COLLECT_LTO_WRAPPER=/usr/lib/gcc/x86_64-linux-gnu/9/lto-wrapper
OFFLOAD_TARGET_NAMES=nvptx-none:hsa
OFFLOAD_TARGET_DEFAULT=1
Target: x86_64-linux-gnu
Configured with: ../src/configure -v --with-pkgversion='Ubuntu 9.3.0-17ubuntu1~20.04' --with-bugurl=file:///usr/share/doc/gcc-9/README.Bugs --enable-languages=c,ada,c++,go,brig,d,fortran,objc,obj-c++,gm2 --prefix=/usr --with-gcc-major-version-only --program-suffix=-9 --program-prefix=x86_64-linux-gnu- --enable-shared --enable-linker-build-id --libexecdir=/usr/lib --without-included-gettext --enable-threads=posix --libdir=/usr/lib --enable-nls --enable-clocale=gnu --enable-libstdcxx-debug --enable-libstdcxx-time=yes --with-default-libstdcxx-abi=new --enable-gnu-unique-object --disable-vtable-verify --enable-plugin --enable-default-pie --with-system-zlib --with-target-system-zlib=auto --enable-objc-gc=auto --enable-multiarch --disable-werror --with-arch-32=i686 --with-abi=m64 --with-multilib-list=m32,m64,mx32 --enable-multilib --with-tune=generic --enable-offload-targets=nvptx-none=/build/gcc-9-HskZEa/gcc-9-9.3.0/debian/tmp-nvptx/usr,hsa --without-cuda-driver --enable-checking=release --build=x86_64-linux-gnu --host=x86_64-linux-gnu --target=x86_64-linux-gnu
Thread model: posix
gcc version 9.3.0 (Ubuntu 9.3.0-17ubuntu1~20.04) 
configure:2443: $? = 0
configure:2432: gcc -V >&5
gcc: error: unrecognized command line option '-V'
gcc: fatal error: no input files
compilation terminated.
configure:2443: $? = 1
configure:2432: gcc -qversion >&5
gcc: error: unrecognized command line option '-qversion'; did you mean '--version'?
gcc: fatal error: no input files
compilation terminated.
configure:2443: $? = 1
configure:2463: checking whether the C compiler works
configure:2485: gcc    conftest.c  >&5
configure:2489: $? = 0
configure:2537: result: yes
configure:2540: checking for C compiler default output file name
configure:2542: result: a.out
configure:2548: checking for suffix of executables
configure:2555: gcc -o conftest    conftest.c  >&5
configure:2559: $? = 0
configure:2581: result: 
configure:2603: checking whether we are cross compiling
configure:2611: gcc -o conftest    conftest.c  >&5
configure:2615: $? = 0
configure:2622: ./conftest
configure:2626: $? = 0
configure:2614: result: no
configure:2619: checking for suffix of object files
configure:2641: gcc -c   conftest.c >&5
configure:2645: $? = 0
configure:2666: result: o
configure:2670: checking whether we are using the GNU C compiler
configure:2689: gcc -c   conftest.c >&5
configure:2689: $? = 0
configure:2698: result: yes
configure:2707: checking whether gcc accepts -g
configure:2727: gcc -c -g  conftest.c >&5
configure:2727: $? = 0
configure:2768: result: yes
configure:2785: checking for gcc option to accept ISO C89
configure:2848: gcc  -c -g -O2  conftest.c >&5
configure:2848: $? = 0
configure:2861: result: none needed
configure:2886: checking how to run the C preprocessor
configure:2917: gcc -E  conftest.c
configure:2917: $? = 0
configure:2931: gcc -E  conftest.c
conftest.c:9:10: fatal error: ac_nonexistent.h: No such file or directory
    9 | #include <ac_nonexistent.h>
      |          ^~~~~~~~~~~~~~~~~~
compilation terminated.
configure:2931: $? = 1
configure: failed program was:
| /* confdefs.h */
| #define PACKAGE_NAME "ipt_geofence"
| #define PACKAGE_TARNAME "ipt_geofence"
| #define PACKAGE_VERSION "1.0"
| #define PACKAGE_STRING "ipt_geofence 1.0"
| #define PACKAGE_BUGREPORT ""
| #define PACKAGE_URL ""
| /* end confdefs.h.  */
| #include <ac_nonexistent.h>
configure:2956: result: gcc -E
configure:2976: gcc -E  conftest.c
configure:2976: $? = 0
configure:2990: gcc -E  conftest.c
conftest.c:9:10: fatal error: ac_nonexistent.h: No such file or directory
    9 | #include <ac_nonexistent.h>
      |          ^~~~~~~~~~~~~~~~~~
compilation terminated.
configure:2990: $? = 1
configure: failed program was:
| /* confdefs.h */
| #define PACKAGE_NAME "ipt_geofence"
| #define PACKAGE_TARNAME "ipt_geofence"
| #define PACKAGE_VERSION "1.0"
| #define PACKAGE_STRING "ipt_geofence 1.0"
| #define PACKAGE_BUGREPORT ""
| #define PACKAGE_URL ""
| /* end confdefs.h.  */
| #include <ac_nonexistent.h>
configure:3076: checking for g++
configure:3092: found /usr/bin/g++
configure:3103: result: g++
configure:3130: checking for C++ compiler version
configure:3139: g++ --version >&5
g++ (Ubuntu 9.3.0-17ubuntu1~20.04) 9.3.0
Copyright (C) 2019 Free Software Foundation, Inc.
This is free software; see the source for copying conditions.  There is NO
warranty; not even for MERCHANTABILITY or FITNESS FOR A PARTICULAR PURPOSE.

configure:3150: $? = 0
configure:3139: g++ -v >&5
Using built-in specs.
COLLECT_GCC=g++
COLLECT_LTO_WRAPPER=/usr/lib/gcc/x86_64-linux-gnu/9/lto-wrapper
OFFLOAD_TARGET_NAMES=nvptx-none:hsa
OFFLOAD_TARGET_DEFAULT=1
Target: x86_64-linux-gnu
Configured with: ../src/configure -v --with-pkgversion='Ubuntu 9.3.0-17ubuntu1~20.04' --with-bugurl=file:///usr/share/doc/gcc-9/README.Bugs --enable-languages=c,ada,c++,go,brig,d,fortran,objc,obj-c++,gm2 --prefix=/usr --with-gcc-major-version-only --program-suffix=-9 --program-prefix=x86_64-linux-gnu- --enable-shared --enable-linker-build-id --libexecdir=/usr/lib --without-included-gettext --enable-threads=posix --libdir=/usr/lib --enable-nls --enable-clocale=gnu --enable-libstdcxx-debug --enable-libstdcxx-time=yes --with-default-libstdcxx-abi=new --enable-gnu-unique-object --disable-vtable-verify --enable-plugin --enable-default-pie --with-system-zlib --with-target-system-zlib=auto --enable-objc-gc=auto --enable-multiarch --disable-werror --with-arch-32=i686 --with-abi=m64 --with-multilib-list=m32,m64,mx32 --enable-multilib --with-tune=generic --enable-offload-targets=nvptx-none=/build/gcc-9-HskZEa/gcc-9-9.3.0/debian/tmp-nvptx/usr,hsa --without-cuda-driver --enable-checking=release --build=x86_64-linux-gnu --host=x86_64-linux-gnu --target=x86_64-linux-gnu
Thread model: posix
gcc version 9.3.0 (Ubuntu 9.3.0-17ubuntu1~20.04) 
configure:3150: $? = 0
configure:3139: g++ -V >&5
g++: error: unrecognized command line option '-V'
g++: fatal error: no input files
compilation terminated.
configure:3150: $? = 1
configure:3139: g++ -qversion >&5
g++: error: unrecognized command line option '-qversion'; did you mean '--version'?
g++: fatal error: no input files
compilation terminated.
configure:3150: $? = 1
configure:3154: checking whether we are using the GNU C++ compiler
configure:3173: g++ -c   conftest.cpp >&5
configure:3173: $? = 0
configure:3182: result: yes
configure:3191: checking whether g++ accepts -g
configure:3211: g++ -c -g  conftest.cpp >&5
configure:3211: $? = 0
configure:3252: result: yes
configure:3298: checking how to run the C++ preprocessor
configure:3325: g++ -E  conftest.cpp
configure:3325: $? = 0
configure:3339: g++ -E  conftest.cpp
conftest.cpp:9:10: fatal error: ac_nonexistent.h: No such file or directory
    9 | #include <ac_nonexistent.h>
      |          ^~~~~~~~~~~~~~~~~~
compilation terminated.
configure:3339: $? = 1
configure: failed program was:
| /* confdefs.h */
| #define PACKAGE_NAME "ipt_geofence"
| #define PACKAGE_TARNAME "ipt_geofence"
| #define PACKAGE_VERSION "1.0"
| #define PACKAGE_STRING "ipt_geofence 1.0"
| #define PACKAGE_BUGREPORT ""
| #define PACKAGE_URL ""
| /* end confdefs.h.  */
| #include <ac_nonexistent.h>
configure:3364: result: g++ -E
configure:3384: g++ -E  conftest.cpp
configure:3384: $? = 0
configure:3398: g++ -E  conftest.cpp
conftest.cpp:9:10: fatal error: ac_nonexistent.h: No such file or directory
    9 | #include <ac_nonexistent.h>
      |          ^~~~~~~~~~~~~~~~~~
compilation terminated.
configure:3398: $? = 1
configure: failed program was:
| /* confdefs.h */
| #define PACKAGE_NAME "ipt_geofence"
| #define PACKAGE_TARNAME "ipt_geofence"
| #define PACKAGE_VERSION "1.0"
| #define PACKAGE_STRING "ipt_geofence 1.0"
| #define PACKAGE_BUGREPORT ""
| #define PACKAGE_URL ""
| /* end confdefs.h.  */
| #include <ac_nonexistent.h>
configure:3427: checking for grep that handles long lines and -e
configure:3485: result: /usr/bin/grep
configure:3490: checking for egrep
configure:3552: result: /usr/bin/grep -E
configure:3557: checking for ANSI C header files
configure:3577: g++ -c -g -O2  conftest.cpp >&5
configure:3577: $? = 0
configure:3650: g++ -o conftest -g -O2   conftest.cpp  >&5
configure:3650: $? = 0
configure:3650: ./conftest
configure:3650: $? = 0
configure:3661: result: yes
configure:3674: checking for sys/types.h
configure:3674: g++ -c -g -O2  conftest.cpp >&5
configure:3674: $? = 0
configure:3674: result: yes
configure:3674: checking for sys/stat.h
configure:3674: g++ -c -g -O2  conftest.cpp >&5
configure:3674: $? = 0
configure:3674: result: yes
configure:3674: checking for stdlib.h
configure:3674: g++ -c -g -O2  conftest.cpp >&5
configure:3674: $? = 0
configure:3674: result: yes
configure:3674: checking for string.h
configure:3674: g++ -c -g -O2  conftest.cpp >&5
configure:3674: $? = 0
configure:3674: result: yes
configure:3674: checking for memory.h
configure:3674: g++ -c -g -O2  conftest.cpp >&5
configure:3674: $? = 0
configure:3674: result: yes
configure:3674: checking for strings.h
configure:3674: g++ -c -g -O2  conftest.cpp >&5
configure:3674: $? = 0
configure:3674: result: yes
configure:3674: checking for inttypes.h
configure:3674: g++ -c -g -O2  conftest.cpp >&5
configure:3674: $? = 0
configure:3674: result: yes
configure:3674: checking for stdint.h
configure:3674: g++ -c -g -O2  conftest.cpp >&5
configure:3674: $? = 0
configure:3674: result: yes
configure:3674: checking for unistd.h
configure:3674: g++ -c -g -O2  conftest.cpp >&5
configure:3674: $? = 0
configure:3674: result: yes
configure:3688: checking libnetfilter_queue/libnetfilter_queue.h usability
configure:3688: g++ -c -g -O2  conftest.cpp >&5
configure:3688: $? = 0
configure:3688: result: yes
configure:3688: checking libnetfilter_queue/libnetfilter_queue.h presence
configure:3688: g++ -E  conftest.cpp
configure:3688: $? = 0
configure:3688: result: yes
configure:3688: checking for libnetfilter_queue/libnetfilter_queue.h
configure:3688: result: yes
configure:3710: checking for MMDB_lookup_sockaddr in -lmaxminddb
configure:3735: g++ -o conftest -g -O2   conftest.cpp -lmaxminddb   -lnetfilter_queue -lnfnetlink >&5
configure:3735: $? = 0
configure:3744: result: yes
configure:3757: checking maxminddb.h usability
configure:3757: g++ -c -g -O2  conftest.cpp >&5
configure:3757: $? = 0
configure:3757: result: yes
configure:3757: checking maxminddb.h presence
configure:3757: g++ -E  conftest.cpp
configure:3757: $? = 0
configure:3757: result: yes
configure:3757: checking for maxminddb.h
configure:3757: result: yes
configure:3772: checking for main in -ljsoncpp
configure:3791: g++ -o conftest -g -O2   conftest.cpp -ljsoncpp  -lmaxminddb  -lnetfilter_queue -lnfnetlink >&5
configure:3791: $? = 0
configure:3800: result: yes
configure:3951: creating ./config.status

## ---------------------- ##
## Running config.status. ##
## ---------------------- ##

This file was extended by ipt_geofence config.status 1.0, which was
generated by GNU Autoconf 2.69.  Invocation command line was

  CONFIG_FILES    = 
  CONFIG_HEADERS  = 
  CONFIG_LINKS    = 
  CONFIG_COMMANDS = 
  $ ./config.status 

on xab-HP-250-G7-Notebook-PC

config.status:810: creating Makefile
config.status:810: creating config.h

## ---------------- ##
## Cache variables. ##
## ---------------- ##

ac_cv_c_compiler_gnu=yes
ac_cv_cxx_compiler_gnu=yes
ac_cv_env_CCC_set=
ac_cv_env_CCC_value=
ac_cv_env_CC_set=
ac_cv_env_CC_value=
ac_cv_env_CFLAGS_set=
ac_cv_env_CFLAGS_value=
ac_cv_env_CPPFLAGS_set=
ac_cv_env_CPPFLAGS_value=
ac_cv_env_CPP_set=
ac_cv_env_CPP_value=
ac_cv_env_CXXCPP_set=
ac_cv_env_CXXCPP_value=
ac_cv_env_CXXFLAGS_set=
ac_cv_env_CXXFLAGS_value=
ac_cv_env_CXX_set=
ac_cv_env_CXX_value=
ac_cv_env_LDFLAGS_set=
ac_cv_env_LDFLAGS_value=
ac_cv_env_LIBS_set=
ac_cv_env_LIBS_value=
ac_cv_env_build_alias_set=
ac_cv_env_build_alias_value=
ac_cv_env_host_alias_set=
ac_cv_env_host_alias_value=
ac_cv_env_target_alias_set=
ac_cv_env_target_alias_value=
ac_cv_header_inttypes_h=yes
ac_cv_header_libnetfilter_queue_libnetfilter_queue_h=yes
ac_cv_header_maxminddb_h=yes
ac_cv_header_memory_h=yes
ac_cv_header_stdc=yes
ac_cv_header_stdint_h=yes
ac_cv_header_stdlib_h=yes
ac_cv_header_string_h=yes
ac_cv_header_strings_h=yes
ac_cv_header_sys_stat_h=yes
ac_cv_header_sys_types_h=yes
ac_cv_header_unistd_h=yes
ac_cv_lib_jsoncpp_main=yes
ac_cv_lib_maxminddb_MMDB_lookup_sockaddr=yes
ac_cv_objext=o
ac_cv_path_EGREP='/usr/bin/grep -E'
ac_cv_path_GREP=/usr/bin/grep
ac_cv_prog_CPP='gcc -E'
ac_cv_prog_CXXCPP='g++ -E'
ac_cv_prog_ac_ct_CC=gcc
ac_cv_prog_ac_ct_CXX=g++
ac_cv_prog_cc_c89=
ac_cv_prog_cc_g=yes
ac_cv_prog_cxx_g=yes

## ----------------- ##
## Output variables. ##
## ----------------- ##

CC='gcc'
CFLAGS='-g -O2'
CPP='gcc -E'
CPPFLAGS=''
CXX='g++'
CXXCPP='g++ -E'
CXXFLAGS='-g -O2'
DATE='Thu, 03 Mar 2022 19:40:00 +0100'
DEFS='-DHAVE_CONFIG_H'
ECHO_C=''
ECHO_N='-n'
ECHO_T=''
EGREP='/usr/bin/grep -E'
EXEEXT=''
EXTN='amd64'
GIT_BRANCH='main'
GIT_HASH='2862929cd137fddf6607f5c54bef2d4869d7faa6 (Wed Mar 2 10:57:50 2022 +0100)'
GREP='/usr/bin/grep'
LDFLAGS=''
LIBOBJS=''
LIBS='-ljsoncpp -lmaxminddb  -lnetfilter_queue -lnfnetlink -lpthread'
LTLIBOBJS=''
OBJEXT='o'
PACKAGE_BUGREPORT=''
PACKAGE_NAME='ipt_geofence'
PACKAGE_STRING='ipt_geofence 1.0'
PACKAGE_TARNAME='ipt_geofence'
PACKAGE_URL=''
PACKAGE_VERSION='1.0'
PATH_SEPARATOR=':'
RELEASE='15'
REVISION='15'
SHELL='/bin/bash'
VERSION='1.0.0'
ac_ct_CC='gcc'
ac_ct_CXX='g++'
bindir='${exec_prefix}/bin'
build_alias=''
datadir='${datarootdir}'
datarootdir='${prefix}/share'
docdir='${datarootdir}/doc/${PACKAGE_TARNAME}'
dvidir='${docdir}'
exec_prefix='${prefix}'
host_alias=''
htmldir='${docdir}'
includedir='${prefix}/include'
infodir='${datarootdir}/info'
libdir='${exec_prefix}/lib'
libexecdir='${exec_prefix}/libexec'
localedir='${datarootdir}/locale'
localstatedir='${prefix}/var'
mandir='${datarootdir}/man'
oldincludedir='/usr/include'
pdfdir='${docdir}'
prefix='/usr/local'
program_transform_name='s,x,x,'
psdir='${docdir}'
runstatedir='${localstatedir}/run'
sbindir='${exec_prefix}/sbin'
sharedstatedir='${prefix}/com'
sysconfdir='${prefix}/etc'
target_alias=''

## ----------- ##
## confdefs.h. ##
## ----------- ##

/* confdefs.h */
#define PACKAGE_NAME "ipt_geofence"
#define PACKAGE_TARNAME "ipt_geofence"
#define PACKAGE_VERSION "1.0"
#define PACKAGE_STRING "ipt_geofence 1.0"
#define PACKAGE_BUGREPORT ""
#define PACKAGE_URL ""
#define STDC_HEADERS 1
#define HAVE_SYS_TYPES_H 1
#define HAVE_SYS_STAT_H 1
#define HAVE_STDLIB_H 1
#define HAVE_STRING_H 1
#define HAVE_MEMORY_H 1
#define HAVE_STRINGS_H 1
#define HAVE_INTTYPES_H 1
#define HAVE_STDINT_H 1
#define HAVE_UNISTD_H 1
#define HAVE_LIBNETFILTER_QUEUE_LIBNETFILTER_QUEUE_H 1
#define HAVE_NETFILTER 1
#define HAVE_LIBMAXMINDDB 1
#define HAVE_MAXMINDDB_H 1
#define HAVE_LIBJSONCPP 1

configure: exit 0
